<?xml version="1.0" encoding="UTF-8"?>
<!-- Generated by org.testng.reporters.JUnitReportReporter -->
<testsuite hostname="LAPTOP-A83HNADV" failures="0" tests="1" name="Freshsales_Automation.loginTest" time="142.090" errors="0" timestamp="2023-07-16T14:54:44 IST" skipped="0">
  <testcase classname="Freshsales_Automation.loginTest" name="sortable_columns" time="142.090"/>
  <system-out/>
</testsuite> <!-- Freshsales_Automation.loginTest -->
