<?xml version="1.0" encoding="UTF-8"?>
<!-- Generated by org.testng.reporters.JUnitReportReporter -->
<testsuite hostname="LAPTOP-A83HNADV" failures="0" tests="1" name="Freshsales_Automation.Quotes_and_Products_Test" time="83.136" errors="0" timestamp="2023-07-16T17:19:17 IST" skipped="0">
  <testcase classname="Freshsales_Automation.Quotes_and_Products_Test" name="Delete_Products_no" time="83.136"/>
  <system-out/>
</testsuite> <!-- Freshsales_Automation.Quotes_and_Products_Test -->
